build/app/intermediates/manifest_merge_blame_file/release/manifest-merger-blame-release-report.txt
1<?xml version="1.0" encoding="utf-8"?>
2<manifest xmlns:android="http://schemas.android.com/apk/res/android"
3    package="com.example.bikesafer"
4    android:versionCode="1"
5    android:versionName="1.0.0" >
6
7    <uses-sdk
8        android:minSdkVersion="20"
8-->src/main/AndroidManifest.xml
9        android:targetSdkVersion="30" />
9-->src/main/AndroidManifest.xml
10
11    <uses-permission android:name="android.permission.CAMERA" />
11-->src/main/AndroidManifest.xml:3:5-65
11-->src/main/AndroidManifest.xml:3:22-62
12    <uses-permission android:name="android.permission.FOREGROUND_SERVICE" />
12-->src/main/AndroidManifest.xml:4:5-77
12-->src/main/AndroidManifest.xml:4:22-74
13    <uses-permission android:name="android.permission.ACCESS_BACKGROUND_LOCATION" />
13-->src/main/AndroidManifest.xml:5:5-84
13-->src/main/AndroidManifest.xml:5:22-82
14    <uses-permission android:name="android.permission.VIBRATE" />
14-->[:scan] AndroidManifest.xml:11:5-66
14-->[:scan] AndroidManifest.xml:11:22-63
15    <uses-permission android:name="android.permission.ACCESS_COARSE_LOCATION" />
15-->[:location] AndroidManifest.xml:7:5-81
15-->[:location] AndroidManifest.xml:7:22-78
16    <uses-permission android:name="android.permission.ACCESS_FINE_LOCATION" /> <!-- Include required permissions for Google Maps API to run. -->
16-->[:location] AndroidManifest.xml:8:5-79
16-->[:location] AndroidManifest.xml:8:22-76
17    <uses-permission android:name="android.permission.ACCESS_NETWORK_STATE" />
17-->[com.google.android.gms:play-services-maps:17.0.0] AndroidManifest.xml:23:5-79
17-->[com.google.android.gms:play-services-maps:17.0.0] AndroidManifest.xml:23:22-76
18    <uses-permission android:name="android.permission.INTERNET" />
18-->[com.google.android.gms:play-services-maps:17.0.0] AndroidManifest.xml:24:5-67
18-->[com.google.android.gms:play-services-maps:17.0.0] AndroidManifest.xml:24:22-64
19
20    <uses-feature
20-->[com.google.android.gms:play-services-maps:17.0.0] AndroidManifest.xml:26:5-28:35
21        android:glEsVersion="0x00020000"
21-->[com.google.android.gms:play-services-maps:17.0.0] AndroidManifest.xml:27:9-41
22        android:required="true" /> <!-- Don't require camera, as this requires a rear camera. This allows it to work on the Nexus 7 -->
22-->[com.google.android.gms:play-services-maps:17.0.0] AndroidManifest.xml:28:9-32
23    <uses-feature
23-->[com.journeyapps:zxing-android-embedded:4.1.0] AndroidManifest.xml:25:5-27:36
24        android:name="android.hardware.camera"
24-->[com.journeyapps:zxing-android-embedded:4.1.0] AndroidManifest.xml:26:9-47
25        android:required="false" />
25-->[com.journeyapps:zxing-android-embedded:4.1.0] AndroidManifest.xml:27:9-33
26    <uses-feature
26-->[com.journeyapps:zxing-android-embedded:4.1.0] AndroidManifest.xml:28:5-30:36
27        android:name="android.hardware.camera.front"
27-->[com.journeyapps:zxing-android-embedded:4.1.0] AndroidManifest.xml:29:9-53
28        android:required="false" /> <!-- TODO replace above two with next line after Android 4.2 -->
28-->[com.journeyapps:zxing-android-embedded:4.1.0] AndroidManifest.xml:30:9-33
29    <!-- <uses-feature android:name="android.hardware.camera.any"/> -->
30    <uses-feature
30-->[com.journeyapps:zxing-android-embedded:4.1.0] AndroidManifest.xml:33:5-35:36
31        android:name="android.hardware.camera.autofocus"
31-->[com.journeyapps:zxing-android-embedded:4.1.0] AndroidManifest.xml:34:9-57
32        android:required="false" />
32-->[com.journeyapps:zxing-android-embedded:4.1.0] AndroidManifest.xml:35:9-33
33    <uses-feature
33-->[com.journeyapps:zxing-android-embedded:4.1.0] AndroidManifest.xml:36:5-38:36
34        android:name="android.hardware.camera.flash"
34-->[com.journeyapps:zxing-android-embedded:4.1.0] AndroidManifest.xml:37:9-53
35        android:required="false" />
35-->[com.journeyapps:zxing-android-embedded:4.1.0] AndroidManifest.xml:38:9-33
36    <uses-feature
36-->[com.journeyapps:zxing-android-embedded:4.1.0] AndroidManifest.xml:39:5-41:36
37        android:name="android.hardware.screen.landscape"
37-->[com.journeyapps:zxing-android-embedded:4.1.0] AndroidManifest.xml:40:9-57
38        android:required="false" />
38-->[com.journeyapps:zxing-android-embedded:4.1.0] AndroidManifest.xml:41:9-33
39    <uses-feature
39-->[com.journeyapps:zxing-android-embedded:4.1.0] AndroidManifest.xml:42:5-44:36
40        android:name="android.hardware.wifi"
40-->[com.journeyapps:zxing-android-embedded:4.1.0] AndroidManifest.xml:43:9-45
41        android:required="false" />
41-->[com.journeyapps:zxing-android-embedded:4.1.0] AndroidManifest.xml:44:9-33
42
43    <application
43-->src/main/AndroidManifest.xml:7:4-52:19
44        android:appComponentFactory="androidx.core.app.CoreComponentFactory"
44-->[androidx.core:core:1.3.2] AndroidManifest.xml:24:18-86
45        android:icon="@mipmap/launcher_icon"
45-->src/main/AndroidManifest.xml:9:9-45
46        android:label="BikeSafer" >
46-->src/main/AndroidManifest.xml:8:9-34
47        <activity
47-->src/main/AndroidManifest.xml:10:9-43:20
48            android:name="com.example.bikesafer.MainActivity"
48-->src/main/AndroidManifest.xml:11:13-41
49            android:configChanges="orientation|keyboardHidden|keyboard|screenSize|smallestScreenSize|locale|layoutDirection|fontScale|screenLayout|density|uiMode"
49-->src/main/AndroidManifest.xml:14:13-163
50            android:hardwareAccelerated="true"
50-->src/main/AndroidManifest.xml:15:13-47
51            android:launchMode="singleTop"
51-->src/main/AndroidManifest.xml:12:13-43
52            android:theme="@style/LaunchTheme"
52-->src/main/AndroidManifest.xml:13:13-47
53            android:windowSoftInputMode="adjustResize" >
53-->src/main/AndroidManifest.xml:16:13-55
54
55            <!--
56                 Specifies an Android theme to apply to this Activity as soon as
57                 the Android process has started. This theme is visible to the user
58                 while the Flutter UI initializes. After that, this theme continues
59                 to determine the Window background behind the Flutter UI.
60            -->
61            <meta-data
61-->src/main/AndroidManifest.xml:21:13-24:17
62                android:name="io.flutter.embedding.android.NormalTheme"
62-->src/main/AndroidManifest.xml:22:15-70
63                android:resource="@style/NormalTheme" />
63-->src/main/AndroidManifest.xml:23:15-52
64
65            <!--
66                 Displays an Android View that continues showing the launch screen
67                 Drawable until Flutter paints its first frame, then this splash
68                 screen fades out. A splash screen is useful to avoid any visual
69                 gap between the end of Android's launch screen and the painting of
70                 Flutter's first frame.
71            -->
72            <meta-data
72-->src/main/AndroidManifest.xml:31:13-34:17
73                android:name="io.flutter.embedding.android.SplashScreenDrawable"
73-->src/main/AndroidManifest.xml:32:15-79
74                android:resource="@drawable/launch_background" />
74-->src/main/AndroidManifest.xml:33:15-61
75            <meta-data
75-->src/main/AndroidManifest.xml:35:13-38:17
76                android:name="flutterEmbedding"
76-->src/main/AndroidManifest.xml:36:15-46
77                android:value="2" />
77-->src/main/AndroidManifest.xml:37:15-32
78
79            <intent-filter>
79-->src/main/AndroidManifest.xml:39:13-42:29
80                <action android:name="android.intent.action.MAIN" />
80-->src/main/AndroidManifest.xml:40:17-68
80-->src/main/AndroidManifest.xml:40:25-66
81
82                <category android:name="android.intent.category.LAUNCHER" />
82-->src/main/AndroidManifest.xml:41:17-76
82-->src/main/AndroidManifest.xml:41:27-74
83            </intent-filter>
84        </activity>
85        <!--
86             Don't delete the meta-data below.
87             This is used by the Flutter tool to generate GeneratedPluginRegistrant.java
88        -->
89        <meta-data
89-->src/main/AndroidManifest.xml:35:13-38:17
90            android:name="flutterEmbedding"
90-->src/main/AndroidManifest.xml:36:15-46
91            android:value="2" />
91-->src/main/AndroidManifest.xml:37:15-32
92        <meta-data
92-->src/main/AndroidManifest.xml:49:9-50:70
93            android:name="com.google.android.geo.API_KEY"
93-->src/main/AndroidManifest.xml:49:20-65
94            android:value="AIzaSyD1Ksp-mM3IF8NqPPKun5G0r7Fvl0-1v34" />
94-->src/main/AndroidManifest.xml:50:13-68
95
96        <activity
96-->[:url_launcher] AndroidManifest.xml:8:9-11:74
97            android:name="io.flutter.plugins.urllauncher.WebViewActivity"
97-->[:url_launcher] AndroidManifest.xml:9:13-74
98            android:exported="false"
98-->[:url_launcher] AndroidManifest.xml:10:13-37
99            android:theme="@android:style/Theme.NoTitleBar.Fullscreen" />
99-->[:url_launcher] AndroidManifest.xml:11:13-71
100
101        <service
101-->[:location] AndroidManifest.xml:11:9-15:56
102            android:name="com.lyokone.location.FlutterLocationService"
102-->[:location] AndroidManifest.xml:12:13-71
103            android:enabled="true"
103-->[:location] AndroidManifest.xml:13:13-35
104            android:exported="false"
104-->[:location] AndroidManifest.xml:14:13-37
105            android:foregroundServiceType="location" /> <!-- Needs to be explicitly declared on P+ -->
105-->[:location] AndroidManifest.xml:15:13-53
106        <uses-library
106-->[com.google.android.gms:play-services-maps:17.0.0] AndroidManifest.xml:33:9-35:40
107            android:name="org.apache.http.legacy"
107-->[com.google.android.gms:play-services-maps:17.0.0] AndroidManifest.xml:34:13-50
108            android:required="false" />
108-->[com.google.android.gms:play-services-maps:17.0.0] AndroidManifest.xml:35:13-37
109
110        <activity
110-->[com.google.android.gms:play-services-base:17.0.0] AndroidManifest.xml:23:9-26:75
111            android:name="com.google.android.gms.common.api.GoogleApiActivity"
111-->[com.google.android.gms:play-services-base:17.0.0] AndroidManifest.xml:24:13-79
112            android:exported="false"
112-->[com.google.android.gms:play-services-base:17.0.0] AndroidManifest.xml:25:13-37
113            android:theme="@android:style/Theme.Translucent.NoTitleBar" />
113-->[com.google.android.gms:play-services-base:17.0.0] AndroidManifest.xml:26:13-72
114
115        <meta-data
115-->[com.google.android.gms:play-services-basement:17.0.0] AndroidManifest.xml:23:9-25:69
116            android:name="com.google.android.gms.version"
116-->[com.google.android.gms:play-services-basement:17.0.0] AndroidManifest.xml:24:13-58
117            android:value="@integer/google_play_services_version" />
117-->[com.google.android.gms:play-services-basement:17.0.0] AndroidManifest.xml:25:13-66
118
119        <activity
119-->[com.journeyapps:zxing-android-embedded:4.1.0] AndroidManifest.xml:47:9-53:63
120            android:name="com.journeyapps.barcodescanner.CaptureActivity"
120-->[com.journeyapps:zxing-android-embedded:4.1.0] AndroidManifest.xml:48:13-74
121            android:clearTaskOnLaunch="true"
121-->[com.journeyapps:zxing-android-embedded:4.1.0] AndroidManifest.xml:49:13-45
122            android:screenOrientation="sensorLandscape"
122-->[com.journeyapps:zxing-android-embedded:4.1.0] AndroidManifest.xml:50:13-56
123            android:stateNotNeeded="true"
123-->[com.journeyapps:zxing-android-embedded:4.1.0] AndroidManifest.xml:51:13-42
124            android:theme="@style/zxing_CaptureTheme"
124-->[com.journeyapps:zxing-android-embedded:4.1.0] AndroidManifest.xml:52:13-54
125            android:windowSoftInputMode="stateAlwaysHidden" />
125-->[com.journeyapps:zxing-android-embedded:4.1.0] AndroidManifest.xml:53:13-60
126
127        <meta-data
127-->[com.huawei.hms:scan:1.3.1.300] AndroidManifest.xml:14:9-16:40
128            android:name="huawei_module_scankit_local"
128-->[com.huawei.hms:scan:1.3.1.300] AndroidManifest.xml:15:13-55
129            android:value="10310300" />
129-->[com.huawei.hms:scan:1.3.1.300] AndroidManifest.xml:16:13-37
130        <meta-data
130-->[com.huawei.hms:scan:1.3.1.300] AndroidManifest.xml:17:9-19:46
131            android:name="huawei_module_scankit_sdk_version"
131-->[com.huawei.hms:scan:1.3.1.300] AndroidManifest.xml:18:13-61
132            android:value="scan:1.3.1.300" />
132-->[com.huawei.hms:scan:1.3.1.300] AndroidManifest.xml:19:13-43
133        <meta-data
133-->[com.huawei.hms:scan:1.3.1.300] AndroidManifest.xml:20:9-22:46
134            android:name="com.huawei.hms.client.service.name:scan"
134-->[com.huawei.hms:scan:1.3.1.300] AndroidManifest.xml:21:13-67
135            android:value="scan:1.3.1.300" />
135-->[com.huawei.hms:scan:1.3.1.300] AndroidManifest.xml:22:13-43
136        <meta-data
136-->[com.huawei.hms:scan:1.3.1.300] AndroidManifest.xml:23:9-25:33
137            android:name="com.huawei.hms.min_api_level:scan:huawei_module_scankit"
137-->[com.huawei.hms:scan:1.3.1.300] AndroidManifest.xml:24:13-83
138            android:value="1" />
138-->[com.huawei.hms:scan:1.3.1.300] AndroidManifest.xml:25:13-30
139        <meta-data
139-->[com.huawei.hms:scan:1.3.1.300] AndroidManifest.xml:26:9-28:33
140            android:name="com.huawei.hms.min_api_level:scan:hmscore"
140-->[com.huawei.hms:scan:1.3.1.300] AndroidManifest.xml:27:13-69
141            android:value="1" />
141-->[com.huawei.hms:scan:1.3.1.300] AndroidManifest.xml:28:13-30
142
143        <activity android:name="com.huawei.hms.hmsscankit.ScanKitActivity" />
143-->[com.huawei.hms:scan:1.3.1.300] AndroidManifest.xml:30:9-78
143-->[com.huawei.hms:scan:1.3.1.300] AndroidManifest.xml:30:19-75
144
145        <meta-data
145-->[com.huawei.hms:ml-computer-camera-inner:2.0.3.300] AndroidManifest.xml:12:9-14:66
146            android:name="com.huawei.hms.client.service.name:ml-computer-camera-inner"
146-->[com.huawei.hms:ml-computer-camera-inner:2.0.3.300] AndroidManifest.xml:13:13-87
147            android:value="ml-computer-camera-inner:2.0.3.300" />
147-->[com.huawei.hms:ml-computer-camera-inner:2.0.3.300] AndroidManifest.xml:14:13-63
148        <meta-data
148-->[com.huawei.hms:ml-computer-ha-inner:2.0.3.300] AndroidManifest.xml:14:9-16:62
149            android:name="com.huawei.hms.client.service.name:ml-computer-ha-inner"
149-->[com.huawei.hms:ml-computer-ha-inner:2.0.3.300] AndroidManifest.xml:15:13-83
150            android:value="ml-computer-ha-inner:2.0.3.300" />
150-->[com.huawei.hms:ml-computer-ha-inner:2.0.3.300] AndroidManifest.xml:16:13-59
151        <meta-data
151-->[com.huawei.hms:dynamic-api:1.0.13.303] AndroidManifest.xml:12:9-14:54
152            android:name="com.huawei.hms.client.service.name:dynamic-api"
152-->[com.huawei.hms:dynamic-api:1.0.13.303] AndroidManifest.xml:13:13-74
153            android:value="dynamic-api:1.0.13.303" />
153-->[com.huawei.hms:dynamic-api:1.0.13.303] AndroidManifest.xml:14:13-51
154        <meta-data
154-->[com.huawei.hms:dynamic-api:1.0.13.303] AndroidManifest.xml:15:9-17:33
155            android:name="com.huawei.hms.min_api_level:dynamic-api:huawei_module_dynamicloader"
155-->[com.huawei.hms:dynamic-api:1.0.13.303] AndroidManifest.xml:16:13-96
156            android:value="2" />
156-->[com.huawei.hms:dynamic-api:1.0.13.303] AndroidManifest.xml:17:13-30
157
158        <provider
158-->[com.huawei.hms:ml-computer-sdkbase-inner:2.0.3.300] AndroidManifest.xml:13:9-16:40
159            android:name="com.huawei.hms.mlsdk.common.provider.MLInitializerProvider"
159-->[com.huawei.hms:ml-computer-sdkbase-inner:2.0.3.300] AndroidManifest.xml:14:13-86
160            android:authorities="com.example.bikesafer.MLInitializerProvider"
160-->[com.huawei.hms:ml-computer-sdkbase-inner:2.0.3.300] AndroidManifest.xml:15:13-73
161            android:exported="false" />
161-->[com.huawei.hms:ml-computer-sdkbase-inner:2.0.3.300] AndroidManifest.xml:16:13-37
162        <provider
162-->[com.huawei.agconnect:agconnect-core:1.4.0.300] AndroidManifest.xml:11:9-14:40
163            android:name="com.huawei.agconnect.core.provider.AGConnectInitializeProvider"
163-->[com.huawei.agconnect:agconnect-core:1.4.0.300] AndroidManifest.xml:12:13-90
164            android:authorities="com.example.bikesafer.AGCInitializeProvider"
164-->[com.huawei.agconnect:agconnect-core:1.4.0.300] AndroidManifest.xml:13:13-73
165            android:exported="false" />
165-->[com.huawei.agconnect:agconnect-core:1.4.0.300] AndroidManifest.xml:14:13-37
166
167        <service
167-->[com.huawei.agconnect:agconnect-core:1.4.0.300] AndroidManifest.xml:16:9-18:40
168            android:name="com.huawei.agconnect.core.ServiceDiscovery"
168-->[com.huawei.agconnect:agconnect-core:1.4.0.300] AndroidManifest.xml:17:13-70
169            android:exported="false" />
169-->[com.huawei.agconnect:agconnect-core:1.4.0.300] AndroidManifest.xml:18:13-37
170    </application>
171
172</manifest>